2025/06/21 13:37:38 Cargando configuraci├│n del sistema...
2025/06/21 13:37:38 Archivo .env cargado correctamente desde: C:\Users\USER\Desktop\Proyecto principal\image-processing-microservice-go\.env
2025/06/21 13:37:38 Configuraci├│n cargada correctamente:
2025/06/21 13:37:38 - RabbitMQ URL: amqp://admin:admin123@86.48.26.221:5672
2025/06/21 13:37:38 - Cola de entrada: images-to-process
2025/06/21 13:37:38 - Cola de salida: processed-images
2025/06/21 13:37:38 - Trabajadores m├íximos: 2
2025/06/21 13:37:38 - Modo Debug: false
{"level":"info","message":"Sistema de logs inicializado","timestamp":"2025-06-21T13:37:38-05:00"}
{"component":"main","level":"info","message":"============= SERVICIO DE PROCESAMIENTO DE IMAGENES =============","timestamp":"2025-06-21T13:37:38-05:00"}
{"component":"main","level":"info","message":"Iniciando servicio de procesamiento de imagenes (Go)","timestamp":"2025-06-21T13:37:38-05:00"}
2025/06/21 13:37:38 PID 24104 guardado en processor.pid
{"component":"main","level":"info","message":"Creando procesador de imagenes...","timestamp":"2025-06-21T13:37:38-05:00"}
2025/06/21 13:37:38 Intentando conectar a URL: amqp://admin:admin123@86.48.26.221:5672
2025/06/21 13:37:39 Todas las colas declaradas correctamente
{"component":"worker-pool","level":"info","message":"Iniciando pool con 2 workers","timestamp":"2025-06-21T13:37:39-05:00"}
2025/06/21 13:37:39 Conexion establecida con RabbitMQ correctamente
2025/06/21 13:37:39 Iniciando WorkerPool con 2 workers (CPU cores: 32)
{"component":"main","level":"info","message":"Creando consumidor...","timestamp":"2025-06-21T13:37:39-05:00"}
{"component":"main","level":"info","message":"Iniciando consumidor...","timestamp":"2025-06-21T13:37:39-05:00"}
2025/06/21 13:37:39 Intentando conectar a URL: amqp://admin:admin123@86.48.26.221:5672
{"component":"worker-pool","level":"info","message":"Worker iniciado","timestamp":"2025-06-21T13:37:39-05:00","worker_id":1}
{"component":"worker-pool","level":"info","message":"Worker iniciado","timestamp":"2025-06-21T13:37:39-05:00","worker_id":2}
{"component":"image-processor","level":"info","message":"Iniciando procesamiento de resultados","timestamp":"2025-06-21T13:37:39-05:00"}
2025/06/21 13:37:40 Todas las colas declaradas correctamente
2025/06/21 13:37:40 Conexion establecida con RabbitMQ correctamente
2025/06/21 13:37:40 Solicitando suscripcion a cola 'images-to-process', autoAck=false
2025/06/21 13:37:40 Intentando Consume() en cola 'images-to-process'
2025/06/21 13:37:40 Suscripcion exitosa a cola 'images-to-process'
{"component":"rabbitmq-consumer","level":"info","message":"Consumidor iniciado","queue":"images-to-process","timestamp":"2025-06-21T13:37:40-05:00"}
{"component":"main","level":"info","message":"Servicio inicializado correctamente","timestamp":"2025-06-21T13:37:40-05:00"}
{"component":"main","level":"info","message":"Esperando mensajes...","timestamp":"2025-06-21T13:37:40-05:00"}
{"component":"image-processor","correlation_id":"","level":"info","message":"Mensaje recibido para procesamiento","message_id":"","msg_size":372269,"reply_to":"","timestamp":"2025-06-21T15:55:24-05:00"}
2025/06/21 15:55:24 Mensaje recibido: 372269 bytes
{"component":"image-processor","level":"warning","message":"CorrelationID no disponible en el mensaje, usando MessageID como alternativa","message_id":"img_1750539321797_87d833aaae","timestamp":"2025-06-21T15:55:24-05:00"}
{"component":"image-processor","correlation_id":"img_1750539321797_87d833aaae","level":"info","message":"Encolando trabajo para procesamiento","message_id":"img_1750539321797_87d833aaae","timestamp":"2025-06-21T15:55:24-05:00"}
{"component":"worker-pool","level":"info","message":"Iniciando procesamiento de imagen logosyncronize.png (278911 bytes)","message_id":"img_1750539321797_87d833aaae","timestamp":"2025-06-21T15:55:24-05:00","worker_id":1}
2025/06/21 15:55:24 Mensaje procesado correctamente
{"component":"worker-pool","duration_ms":18,"level":"info","message":"Imagen procesada: 278911 bytes -\u003e 24241 bytes","message_id":"img_1750539321797_87d833aaae","timestamp":"2025-06-21T15:55:24-05:00","worker_id":1}
{"component":"image-processor","level":"info","message":"Imagen procesada: logosyncronize.png - Reduccion: 91.31%, Tamanio: 272.37KB -\u003e 23.67KB, Duracion: 18.00ms","message_id":"img_1750539321797_87d833aaae","timestamp":"2025-06-21T15:55:24-05:00"}
{"component":"main","level":"info","message":"Senial de terminacion recibida. Iniciando apagado ordenado...","timestamp":"2025-06-21T19:05:44-05:00"}
