{"level":"info","message":"Sistema de logs inicializado","timestamp":"2025-04-05T07:48:11Z"}
{"component":"main","level":"info","message":"============= SERVICIO DE PROCESAMIENTO DE IMAGENES =============","timestamp":"2025-04-05T07:48:11Z"}
{"component":"main","level":"info","message":"Iniciando servicio de procesamiento de imagenes (Go)","timestamp":"2025-04-05T07:48:11Z"}
{"component":"main","level":"info","message":"Creando procesador de imagenes...","timestamp":"2025-04-05T07:48:11Z"}
{"component":"main","level":"info","message":"Creando consumidor...","timestamp":"2025-04-05T07:48:11Z"}
{"component":"main","level":"info","message":"Iniciando consumidor...","timestamp":"2025-04-05T07:48:11Z"}
{"component":"rabbitmq-consumer","level":"info","message":"Consumidor iniciado","queue":"images-to-process","timestamp":"2025-04-05T07:48:11Z"}
{"component":"main","level":"info","message":"Servicio inicializado correctamente","timestamp":"2025-04-05T07:48:11Z"}
{"component":"main","level":"info","message":"Esperando mensajes...","timestamp":"2025-04-05T07:48:11Z"}
{"component":"main","level":"info","message":"Señal de terminacion recibida. Iniciando apagado ordenado...","timestamp":"2025-04-05T07:49:34Z"}
{"component":"main","level":"info","message":"Consumidor detenido correctamente","timestamp":"2025-04-05T07:49:34Z"}
{"component":"main","level":"info","message":"Servicio finalizado","timestamp":"2025-04-05T07:49:34Z"}
{"level":"info","message":"Sistema de logs inicializado","timestamp":"2025-04-05T07:49:47Z"}
{"component":"main","level":"info","message":"============= SERVICIO DE PROCESAMIENTO DE IMAGENES =============","timestamp":"2025-04-05T07:49:47Z"}
{"component":"main","level":"info","message":"Iniciando servicio de procesamiento de imagenes (Go)","timestamp":"2025-04-05T07:49:47Z"}
{"component":"main","level":"info","message":"Creando procesador de imagenes...","timestamp":"2025-04-05T07:49:47Z"}
{"component":"main","level":"info","message":"Creando consumidor...","timestamp":"2025-04-05T07:49:48Z"}
{"component":"main","level":"info","message":"Iniciando consumidor...","timestamp":"2025-04-05T07:49:48Z"}
{"component":"rabbitmq-consumer","level":"info","message":"Consumidor iniciado","queue":"images-to-process","timestamp":"2025-04-05T07:49:48Z"}
{"component":"main","level":"info","message":"Servicio inicializado correctamente","timestamp":"2025-04-05T07:49:48Z"}
{"component":"main","level":"info","message":"Esperando mensajes...","timestamp":"2025-04-05T07:49:48Z"}
{"component":"main","level":"info","message":"Señal de terminacion recibida. Iniciando apagado ordenado...","timestamp":"2025-04-05T08:14:24Z"}
{"component":"main","level":"info","message":"Consumidor detenido correctamente","timestamp":"2025-04-05T08:14:24Z"}
{"component":"main","level":"info","message":"Servicio finalizado","timestamp":"2025-04-05T08:14:24Z"}
